── Attaching core tidyverse packages ──────────────────────── tidyverse 2.0.0 ──
✔ dplyr     1.1.4     ✔ readr     2.1.5
✔ forcats   1.0.0     ✔ stringr   1.5.1
✔ ggplot2   3.5.1     ✔ tibble    3.2.1
✔ lubridate 1.9.3     ✔ tidyr     1.3.1
✔ purrr     1.0.2     
── Conflicts ────────────────────────────────────────── tidyverse_conflicts() ──
✖ dplyr::between()     masks data.table::between()
✖ dplyr::filter()      masks stats::filter()
✖ dplyr::first()       masks data.table::first()
✖ lubridate::hour()    masks data.table::hour()
✖ lubridate::isoweek() masks data.table::isoweek()
✖ dplyr::lag()         masks stats::lag()
✖ dplyr::last()        masks data.table::last()
✖ lubridate::mday()    masks data.table::mday()
✖ lubridate::minute()  masks data.table::minute()
✖ lubridate::month()   masks data.table::month()
✖ lubridate::quarter() masks data.table::quarter()
✖ lubridate::second()  masks data.table::second()
✖ purrr::transpose()   masks data.table::transpose()
✖ lubridate::wday()    masks data.table::wday()
✖ lubridate::week()    masks data.table::week()
✖ lubridate::yday()    masks data.table::yday()
✖ lubridate::year()    masks data.table::year()
ℹ Use the conflicted package (<http://conflicted.r-lib.org/>) to force all conflicts to become errors
Registered S3 methods overwritten by 'registry':
  method               from 
  print.registry_field proxy
  print.registry_entry proxy
spaMM (Rousset & Ferdy, 2014, version 4.5.0) is loaded.
Type 'help(spaMM)' for a short introduction,
'news(package='spaMM')' for news,
and 'citation('spaMM')' for proper citation.
Further infos, slides, etc. at https://gitlab.mbb.univ-montp2.fr/francois/spamm-ref.


Attaching package: ‘MASS’

The following object is masked from ‘package:dplyr’:

    select

Loading required package: future
[conflicted] Will prefer dplyr::filter over any other package.
(One-time message:) Choosing matrix methods took 1.06 s.
  If you perform many similarly costly fits, setting the method
  by control.HLfit=list(algebra=<"spprec"|"spcorr"|"decorr">) may be useful,
  see help("algebra"). "decorr" has been selected here.
(One-time message:) Choosing matrix methods took 1.1 s.
  If you perform many similarly costly fits, setting the method
  by control.HLfit=list(algebra=<"spprec"|"spcorr"|"decorr">) may be useful,
  see help("algebra"). "decorr" has been selected here.
(One-time message:) Choosing matrix methods took 1.11 s.
  If you perform many similarly costly fits, setting the method
  by control.HLfit=list(algebra=<"spprec"|"spcorr"|"decorr">) may be useful,
  see help("algebra"). "decorr" has been selected here.
(One-time message:) Choosing matrix methods took 1.16 s.
  If you perform many similarly costly fits, setting the method
  by control.HLfit=list(algebra=<"spprec"|"spcorr"|"decorr">) may be useful,
  see help("algebra"). "decorr" has been selected here.
(One-time message:) Choosing matrix methods took 1.14 s.
  If you perform many similarly costly fits, setting the method
  by control.HLfit=list(algebra=<"spprec"|"spcorr"|"decorr">) may be useful,
  see help("algebra"). "decorr" has been selected here.
(One-time message:) Choosing matrix methods took 1.14 s.
  If you perform many similarly costly fits, setting the method
  by control.HLfit=list(algebra=<"spprec"|"spcorr"|"decorr">) may be useful,
  see help("algebra"). "decorr" has been selected here.
(One-time message:) Choosing matrix methods took 1.34 s.
  If you perform many similarly costly fits, setting the method
  by control.HLfit=list(algebra=<"spprec"|"spcorr"|"decorr">) may be useful,
  see help("algebra"). "decorr" has been selected here.
(One-time message:) Choosing matrix methods took 1.26 s.
  If you perform many similarly costly fits, setting the method
  by control.HLfit=list(algebra=<"spprec"|"spcorr"|"decorr">) may be useful,
  see help("algebra"). "decorr" has been selected here.
(One-time message:) Choosing matrix methods took 1.33 s.
  If you perform many similarly costly fits, setting the method
  by control.HLfit=list(algebra=<"spprec"|"spcorr"|"decorr">) may be useful,
  see help("algebra"). "decorr" has been selected here.
(One-time message:) Choosing matrix methods took 1.3 s.
  If you perform many similarly costly fits, setting the method
  by control.HLfit=list(algebra=<"spprec"|"spcorr"|"decorr">) may be useful,
  see help("algebra"). "decorr" has been selected here.
(One-time message:) Choosing matrix methods took 1.56 s.
  If you perform many similarly costly fits, setting the method
  by control.HLfit=list(algebra=<"spprec"|"spcorr"|"decorr">) may be useful,
  see help("algebra"). "decorr" has been selected here.
(One-time message:) Choosing matrix methods took 1.59 s.
  If you perform many similarly costly fits, setting the method
  by control.HLfit=list(algebra=<"spprec"|"spcorr"|"decorr">) may be useful,
  see help("algebra"). "decorr" has been selected here.
(One-time message:) Choosing matrix methods took 1.63 s.
  If you perform many similarly costly fits, setting the method
  by control.HLfit=list(algebra=<"spprec"|"spcorr"|"decorr">) may be useful,
  see help("algebra"). "decorr" has been selected here.
(One-time message:) Choosing matrix methods took 1.64 s.
  If you perform many similarly costly fits, setting the method
  by control.HLfit=list(algebra=<"spprec"|"spcorr"|"decorr">) may be useful,
  see help("algebra"). "decorr" has been selected here.
(One-time message:) Choosing matrix methods took 1.81 s.
  If you perform many similarly costly fits, setting the method
  by control.HLfit=list(algebra=<"spprec"|"spcorr"|"decorr">) may be useful,
  see help("algebra"). "decorr" has been selected here.
(One-time message:) Choosing matrix methods took 1.74 s.
  If you perform many similarly costly fits, setting the method
  by control.HLfit=list(algebra=<"spprec"|"spcorr"|"decorr">) may be useful,
  see help("algebra"). "decorr" has been selected here.
(One-time message:) Choosing matrix methods took 1.81 s.
  If you perform many similarly costly fits, setting the method
  by control.HLfit=list(algebra=<"spprec"|"spcorr"|"decorr">) may be useful,
  see help("algebra"). "decorr" has been selected here.
(One-time message:) Choosing matrix methods took 1.88 s.
  If you perform many similarly costly fits, setting the method
  by control.HLfit=list(algebra=<"spprec"|"spcorr"|"decorr">) may be useful,
  see help("algebra"). "decorr" has been selected here.
(One-time message:) Choosing matrix methods took 1.93 s.
  If you perform many similarly costly fits, setting the method
  by control.HLfit=list(algebra=<"spprec"|"spcorr"|"decorr">) may be useful,
  see help("algebra"). "decorr" has been selected here.
(One-time message:) Choosing matrix methods took 2.29 s.
  If you perform many similarly costly fits, setting the method
  by control.HLfit=list(algebra=<"spprec"|"spcorr"|"decorr">) may be useful,
  see help("algebra"). "decorr" has been selected here.
(One-time message:) Choosing matrix methods took 2.23 s.
  If you perform many similarly costly fits, setting the method
  by control.HLfit=list(algebra=<"spprec"|"spcorr"|"decorr">) may be useful,
  see help("algebra"). "decorr" has been selected here.
(One-time message:) Choosing matrix methods took 2.65 s.
  If you perform many similarly costly fits, setting the method
  by control.HLfit=list(algebra=<"spprec"|"spcorr"|"decorr">) may be useful,
  see help("algebra"). "decorr" has been selected here.
(One-time message:) Choosing matrix methods took 2.86 s.
  If you perform many similarly costly fits, setting the method
  by control.HLfit=list(algebra=<"spprec"|"spcorr"|"decorr">) may be useful,
  see help("algebra"). "decorr" has been selected here.
(One-time message:) Choosing matrix methods took 2.78 s.
  If you perform many similarly costly fits, setting the method
  by control.HLfit=list(algebra=<"spprec"|"spcorr"|"decorr">) may be useful,
  see help("algebra"). "decorr" has been selected here.
(One-time message:) Choosing matrix methods took 2.85 s.
  If you perform many similarly costly fits, setting the method
  by control.HLfit=list(algebra=<"spprec"|"spcorr"|"decorr">) may be useful,
  see help("algebra"). "decorr" has been selected here.
(One-time message:) Choosing matrix methods took 3.63 s.
  If you perform many similarly costly fits, setting the method
  by control.HLfit=list(algebra=<"spprec"|"spcorr"|"decorr">) may be useful,
  see help("algebra"). "decorr" has been selected here.
(One-time message:) Choosing matrix methods took 3 s.
  If you perform many similarly costly fits, setting the method
  by control.HLfit=list(algebra=<"spprec"|"spcorr"|"decorr">) may be useful,
  see help("algebra"). "decorr" has been selected here.
(One-time message:) Choosing matrix methods took 2.77 s.
  If you perform many similarly costly fits, setting the method
  by control.HLfit=list(algebra=<"spprec"|"spcorr"|"decorr">) may be useful,
  see help("algebra"). "decorr" has been selected here.
(One-time message:) Choosing matrix methods took 3.33 s.
  If you perform many similarly costly fits, setting the method
  by control.HLfit=list(algebra=<"spprec"|"spcorr"|"decorr">) may be useful,
  see help("algebra"). "decorr" has been selected here.
(One-time message:) Choosing matrix methods took 3.05 s.
  If you perform many similarly costly fits, setting the method
  by control.HLfit=list(algebra=<"spprec"|"spcorr"|"decorr">) may be useful,
  see help("algebra"). "decorr" has been selected here.
(One-time message:) Choosing matrix methods took 3.89 s.
  If you perform many similarly costly fits, setting the method
  by control.HLfit=list(algebra=<"spprec"|"spcorr"|"decorr">) may be useful,
  see help("algebra"). "decorr" has been selected here.
(One-time message:) Choosing matrix methods took 3.76 s.
  If you perform many similarly costly fits, setting the method
  by control.HLfit=list(algebra=<"spprec"|"spcorr"|"decorr">) may be useful,
  see help("algebra"). "decorr" has been selected here.
(One-time message:) Choosing matrix methods took 3.84 s.
  If you perform many similarly costly fits, setting the method
  by control.HLfit=list(algebra=<"spprec"|"spcorr"|"decorr">) may be useful,
  see help("algebra"). "decorr" has been selected here.
(One-time message:) Choosing matrix methods took 3.83 s.
  If you perform many similarly costly fits, setting the method
  by control.HLfit=list(algebra=<"spprec"|"spcorr"|"decorr">) may be useful,
  see help("algebra"). "decorr" has been selected here.
(One-time message:) Choosing matrix methods took 3.47 s.
  If you perform many similarly costly fits, setting the method
  by control.HLfit=list(algebra=<"spprec"|"spcorr"|"decorr">) may be useful,
  see help("algebra"). "decorr" has been selected here.
(One-time message:) Choosing matrix methods took 4.18 s.
  If you perform many similarly costly fits, setting the method
  by control.HLfit=list(algebra=<"spprec"|"spcorr"|"decorr">) may be useful,
  see help("algebra"). "decorr" has been selected here.
(One-time message:) Choosing matrix methods took 5.05 s.
  If you perform many similarly costly fits, setting the method
  by control.HLfit=list(algebra=<"spprec"|"spcorr"|"decorr">) may be useful,
  see help("algebra"). "decorr" has been selected here.
(One-time message:) Choosing matrix methods took 3.51 s.
  If you perform many similarly costly fits, setting the method
  by control.HLfit=list(algebra=<"spprec"|"spcorr"|"decorr">) may be useful,
  see help("algebra"). "decorr" has been selected here.
(One-time message:) Choosing matrix methods took 4.54 s.
  If you perform many similarly costly fits, setting the method
  by control.HLfit=list(algebra=<"spprec"|"spcorr"|"decorr">) may be useful,
  see help("algebra"). "decorr" has been selected here.
(One-time message:) Choosing matrix methods took 5.12 s.
  If you perform many similarly costly fits, setting the method
  by control.HLfit=list(algebra=<"spprec"|"spcorr"|"decorr">) may be useful,
  see help("algebra"). "decorr" has been selected here.
(One-time message:) Choosing matrix methods took 4.77 s.
  If you perform many similarly costly fits, setting the method
  by control.HLfit=list(algebra=<"spprec"|"spcorr"|"decorr">) may be useful,
  see help("algebra"). "decorr" has been selected here.
(One-time message:) Choosing matrix methods took 6.77 s.
  If you perform many similarly costly fits, setting the method
  by control.HLfit=list(algebra=<"spprec"|"spcorr"|"decorr">) may be useful,
  see help("algebra"). "decorr" has been selected here.
(One-time message:) Choosing matrix methods took 4.5 s.
  If you perform many similarly costly fits, setting the method
  by control.HLfit=list(algebra=<"spprec"|"spcorr"|"decorr">) may be useful,
  see help("algebra"). "decorr" has been selected here.
(One-time message:) Choosing matrix methods took 5.6 s.
  If you perform many similarly costly fits, setting the method
  by control.HLfit=list(algebra=<"spprec"|"spcorr"|"decorr">) may be useful,
  see help("algebra"). "decorr" has been selected here.
(One-time message:) Choosing matrix methods took 6.53 s.
  If you perform many similarly costly fits, setting the method
  by control.HLfit=list(algebra=<"spprec"|"spcorr"|"decorr">) may be useful,
  see help("algebra"). "decorr" has been selected here.
(One-time message:) Choosing matrix methods took 6.01 s.
  If you perform many similarly costly fits, setting the method
  by control.HLfit=list(algebra=<"spprec"|"spcorr"|"decorr">) may be useful,
  see help("algebra"). "decorr" has been selected here.
(One-time message:) Choosing matrix methods took 4.61 s.
  If you perform many similarly costly fits, setting the method
  by control.HLfit=list(algebra=<"spprec"|"spcorr"|"decorr">) may be useful,
  see help("algebra"). "decorr" has been selected here.
(One-time message:) Choosing matrix methods took 4.45 s.
  If you perform many similarly costly fits, setting the method
  by control.HLfit=list(algebra=<"spprec"|"spcorr"|"decorr">) may be useful,
  see help("algebra"). "decorr" has been selected here.
(One-time message:) Choosing matrix methods took 6.92 s.
  If you perform many similarly costly fits, setting the method
  by control.HLfit=list(algebra=<"spprec"|"spcorr"|"decorr">) may be useful,
  see help("algebra"). "decorr" has been selected here.
(One-time message:) Choosing matrix methods took 4.26 s.
  If you perform many similarly costly fits, setting the method
  by control.HLfit=list(algebra=<"spprec"|"spcorr"|"decorr">) may be useful,
  see help("algebra"). "decorr" has been selected here.
Chunk 1 di 4 completato. Geni: 1, 2, 3, 4, 5, 6, 7, 8, 9, 10, 11, 12, 13, 14, 15, 16, 17, 18, 19, 20, 21, 22, 23, 24, 25, 26, 27, 28, 29, 30, 31, 32, 33, 34, 35, 36, 37, 38, 39, 40, 41, 42, 43, 44, 45, 46, 47, 48, 49, 50
Chunk 2 di 4 completato. Geni: 51, 52, 53, 54, 55, 56, 57, 58, 59, 60, 61, 62, 63, 64, 65, 66, 67, 68, 69, 70, 71, 72, 73, 74, 75, 76, 77, 78, 79, 80, 81, 82, 83, 84, 85, 86, 87, 88, 89, 90, 91, 92, 93, 94, 95, 96, 97, 98, 99, 100
Chunk 3 di 4 completato. Geni: 101, 102, 103, 104, 105, 106, 107, 108, 109, 110, 111, 112, 113, 114, 115, 116, 117, 118, 119, 120, 121, 122, 123, 124, 125, 126, 127, 128, 129, 130, 131, 132, 133, 134, 135, 136, 137, 138, 139, 140, 141, 142, 143, 144, 145, 146, 147, 148, 149, 150
Chunk 4 di 4 completato. Geni: 151, 152, 153, 154, 155, 156, 157, 158, 159, 160, 161, 162, 163, 164, 165, 166, 167, 168, 169, 170, 171, 172, 173, 174, 175, 176, 177, 178, 179, 180, 181, 182, 183, 184, 185, 186, 187, 188, 189, 190, 191, 192, 193, 194, 195, 196, 197, 198, 199, 200
There were 50 or more warnings (use warnings() to see the first 50)
